0 info it worked if it ends with ok
1 verbose cli [ 'D:\\nodejs\\node.exe',
1 verbose cli   'D:\\nodejs\\node_modules\\npm\\bin\\npm-cli.js',
1 verbose cli   'run',
1 verbose cli   'dev' ]
2 info using npm@3.10.10
3 info using node@v6.10.1
4 verbose run-script [ 'predev', 'dev', 'postdev' ]
5 info lifecycle frontend@1.0.0~predev: frontend@1.0.0
6 silly lifecycle frontend@1.0.0~predev: no script for predev, continuing
7 info lifecycle frontend@1.0.0~dev: frontend@1.0.0
8 verbose lifecycle frontend@1.0.0~dev: unsafe-perm in lifecycle true
9 verbose lifecycle frontend@1.0.0~dev: PATH: C:\nvm\v6.10.1\node_modules\npm\bin\node-gyp-bin;D:\Documenten\GitHub\ICTLAB\node_modules\.bin;C:\Program Files (x86)\ActiveState Komodo Edit 11\;C:\ProgramData\Oracle\Java\javapath;C:\Program Files (x86)\NVIDIA Corporation\PhysX\Common;C:\Windows\system32;C:\Windows;C:\Windows\System32\Wbem;C:\Windows\System32\WindowsPowerShell\v1.0\;C:\Program Files\Intel\WiFi\bin\;C:\Program Files\Common Files\Intel\WirelessCommon\;D:\Program Files (x86)\Windows Kits\8.1\Windows Performance Toolkit\;C:\Program Files (x86)\Microsoft SQL Server\110\Tools\Binn\;C:\Program Files (x86)\Microsoft SQL Server\110\DTS\Binn\;C:\Program Files (x86)\GtkSharp\2.12\bin;C:\Program Files (x86)\Skype\Phone\;D:\Program Files\MongoDB\Server\3.2\bin;D:\Program Files\Microsoft\Web Platform Installer\;C:\Program Files\Microsoft SQL Server\120\Tools\Binn\;C:\Program Files\Microsoft SQL Server\130\Tools\Binn\;D:\Program Files\Git\cmd;D:\Program Files\dotnet\;D:\Program Files\Calibre2\;D:\Program Files\MiKTeX 2.9\miktex\bin\x64\;D:\Program Files (x86)\Brackets\command;D:\Program Files\Geth;D:\Program Files (x86)\Yarn\bin;%NVM_HOME%;%NVM_SYMLINK%;C:\Program Files (x86)\QuickTime\QTSystem\;C:\RailsInstaller\Git\cmd;C:\RailsInstaller\Ruby2.3.3\bin;C:\Program Files\Intel\WiFi\bin\;C:\Program Files\Common Files\Intel\WirelessCommon\;D:\AppData\Local\Programs\MiKTeX 2.9\miktex\bin\x64\;D:\AppData\Local\Box\Box Edit\;C:\Users\FRANK LAPTOP\AppData\Roaming\npm;D:\Program Files\Microsoft VS Code\bin;D:\AppData\Local\Yarn\bin;D:\AppData\Local\Programs\Python\Python36-32;D:\AppData\Local\Programs\Python\Python36-32;D:\AppData\Local\Programs\Python\Python36-32\python.exe; D:\AppData\Local\Programs\Python\Python36-32\Scripts\;D:\AppData\Local\Programs\Python\Python36-32\Scripts\django-admin.exe;D:\AppData\Local\Programs\Python\Python36-32\Scripts\pip.exe;D:\AppData\Local\Programs\Python\Python36-32\Scripts\virtualenv.exe;D:\AppData\Local\Programs\Python\Python36-32\Scripts\django-admin.exe;C:\nvm;D:\nodejs;D:\AppData\Local\GitHubDesktop\bin
10 verbose lifecycle frontend@1.0.0~dev: CWD: D:\Documenten\GitHub\ICTLAB
11 silly lifecycle frontend@1.0.0~dev: Args: [ '/d /s /c',
11 silly lifecycle   'webpack-dev-server --inline --progress --config build/webpack.dev.conf.js' ]
12 verbose stack Error: kill ENOSYS
12 verbose stack     at exports._errnoException (util.js:1018:11)
12 verbose stack     at process.kill (internal/process.js:190:13)
12 verbose stack     at process.listener (C:\nvm\v6.10.1\node_modules\npm\node_modules\npmlog\node_modules\gauge\node_modules\signal-exit\index.js:86:15)
12 verbose stack     at emitNone (events.js:91:20)
12 verbose stack     at process.emit (events.js:185:7)
12 verbose stack     at processEmit (C:\nvm\v6.10.1\node_modules\npm\node_modules\npmlog\node_modules\gauge\node_modules\signal-exit\index.js:146:32)
12 verbose stack     at processEmit (C:\nvm\v6.10.1\node_modules\npm\node_modules\npm-registry-client\node_modules\npmlog\node_modules\gauge\node_modules\signal-exit\index.js:146:32)
12 verbose stack     at Signal.wrap.onsignal (internal/process.js:217:44)
13 verbose cwd D:\Documenten\GitHub\ICTLAB
14 error Windows_NT 6.1.7601
15 error argv "D:\\nodejs\\node.exe" "D:\\nodejs\\node_modules\\npm\\bin\\npm-cli.js" "run" "dev"
16 error node v6.10.1
17 error npm  v3.10.10
18 error code ENOSYS
19 error errno ENOSYS
20 error syscall kill
21 error kill ENOSYS
22 error If you need help, you may report this error at:
22 error     <https://github.com/npm/npm/issues>
23 verbose exit [ 1, true ]
